0 info it worked if it ends with ok
1 verbose cli [ '/usr/bin/node', '/usr/bin/npm', 'link' ]
2 info using npm@1.4.9
3 info using node@v0.10.28
4 verbose node symlink /usr/bin/node
5 verbose linkPkg /home/kunal15595/Documents/node/tut_paperplane/PaperPlane-master
6 error Error: EACCES, symlink '/home/kunal15595/Documents/node/tut_paperplane/PaperPlane-master'
6 error  { [Error: EACCES, symlink '/home/kunal15595/Documents/node/tut_paperplane/PaperPlane-master']
6 error   errno: 3,
6 error   code: 'EACCES',
6 error   path: '/home/kunal15595/Documents/node/tut_paperplane/PaperPlane-master' }
7 error Please try running this command again as root/Administrator.
8 error System Linux 3.13.0-24-generic
9 error command "/usr/bin/node" "/usr/bin/npm" "link"
10 error cwd /home/kunal15595/Documents/node/tut_paperplane/PaperPlane-master
11 error node -v v0.10.28
12 error npm -v 1.4.9
13 error path /home/kunal15595/Documents/node/tut_paperplane/PaperPlane-master
14 error code EACCES
15 error errno 3
16 error stack Error: EACCES, symlink '/home/kunal15595/Documents/node/tut_paperplane/PaperPlane-master'
17 verbose exit [ 3, true ]
